<?xml version="1.0" encoding="UTF-8"?>
<coverage generated="1637955469494" clover="3.2.0">
  <project timestamp="1637955469494" name="All files">
    <metrics statements="14" coveredstatements="13" conditionals="2" coveredconditionals="1" methods="9" coveredmethods="8" elements="25" coveredelements="22" complexity="0" loc="14" ncloc="14" packages="7" files="8" classes="8"/>
    <package name="src">
      <metrics statements="2" coveredstatements="2" conditionals="2" coveredconditionals="1" methods="1" coveredmethods="1"/>
      <file name="App.js" path="C:\Users\použivatel\skola\essproject\react-portfolio\src\App.js">
        <metrics statements="2" coveredstatements="2" conditionals="2" coveredconditionals="1" methods="1" coveredmethods="1"/>
        <line num="15" count="1" type="stmt"/>
        <line num="16" count="1" type="stmt"/>
      </file>
    </package>
    <package name="src.components.About">
      <metrics statements="1" coveredstatements="1" conditionals="0" coveredconditionals="0" methods="1" coveredmethods="1"/>
      <file name="AboutMe.js" path="C:\Users\použivatel\skola\essproject\react-portfolio\src\components\About\AboutMe.js">
        <metrics statements="1" coveredstatements="1" conditionals="0" coveredconditionals="0" methods="1" coveredmethods="1"/>
        <line num="4" count="4" type="stmt"/>
      </file>
    </package>
    <package name="src.components.Contact">
      <metrics statements="2" coveredstatements="2" conditionals="0" coveredconditionals="0" methods="1" coveredmethods="1"/>
      <file name="contact.js" path="C:\Users\použivatel\skola\essproject\react-portfolio\src\components\Contact\contact.js">
        <metrics statements="2" coveredstatements="2" conditionals="0" coveredconditionals="0" methods="1" coveredmethods="1"/>
        <line num="3" count="2" type="stmt"/>
        <line num="4" count="1" type="stmt"/>
      </file>
    </package>
    <package name="src.components.Footer">
      <metrics statements="1" coveredstatements="1" conditionals="0" coveredconditionals="0" methods="1" coveredmethods="1"/>
      <file name="footer.js" path="C:\Users\použivatel\skola\essproject\react-portfolio\src\components\Footer\footer.js">
        <metrics statements="1" coveredstatements="1" conditionals="0" coveredconditionals="0" methods="1" coveredmethods="1"/>
        <line num="3" count="2" type="stmt"/>
      </file>
    </package>
    <package name="src.components.Home">
      <metrics statements="2" coveredstatements="2" conditionals="0" coveredconditionals="0" methods="1" coveredmethods="1"/>
      <file name="Home.js" path="C:\Users\použivatel\skola\essproject\react-portfolio\src\components\Home\Home.js">
        <metrics statements="2" coveredstatements="2" conditionals="0" coveredconditionals="0" methods="1" coveredmethods="1"/>
        <line num="4" count="2" type="stmt"/>
        <line num="5" count="2" type="stmt"/>
      </file>
    </package>
    <package name="src.components.Loader">
      <metrics statements="4" coveredstatements="3" conditionals="0" coveredconditionals="0" methods="2" coveredmethods="1"/>
      <file name="Loader.js" path="C:\Users\použivatel\skola\essproject\react-portfolio\src\components\Loader\Loader.js">
        <metrics statements="4" coveredstatements="3" conditionals="0" coveredconditionals="0" methods="2" coveredmethods="1"/>
        <line num="4" count="2" type="stmt"/>
        <line num="5" count="2" type="stmt"/>
        <line num="6" count="0" type="stmt"/>
        <line num="8" count="2" type="stmt"/>
      </file>
    </package>
    <package name="src.components.Navbar">
      <metrics statements="2" coveredstatements="2" conditionals="0" coveredconditionals="0" methods="2" coveredmethods="2"/>
      <file name="navbarLg.js" path="C:\Users\použivatel\skola\essproject\react-portfolio\src\components\Navbar\navbarLg.js">
        <metrics statements="1" coveredstatements="1" conditionals="0" coveredconditionals="0" methods="1" coveredmethods="1"/>
        <line num="3" count="1" type="stmt"/>
      </file>
      <file name="navbarSm.js" path="C:\Users\použivatel\skola\essproject\react-portfolio\src\components\Navbar\navbarSm.js">
        <metrics statements="1" coveredstatements="1" conditionals="0" coveredconditionals="0" methods="1" coveredmethods="1"/>
        <line num="4" count="2" type="stmt"/>
      </file>
    </package>
  </project>
</coverage>
