{"C:\\Users\\použivatel\\skola\\essproject\\react-portfolio\\src\\App.js": {"path":"C:\\Users\\použivatel\\skola\\essproject\\react-portfolio\\src\\App.js","statementMap":{"0":{"start":{"line":15,"column":35},"end":{"line":15,"column":49}},"1":{"start":{"line":16,"column":1},"end":{"line":34,"column":3}}},"fnMap":{"0":{"name":"App","decl":{"start":{"line":14,"column":9},"end":{"line":14,"column":12}},"loc":{"start":{"line":14,"column":15},"end":{"line":35,"column":1}},"line":14}},"branchMap":{"0":{"loc":{"start":{"line":18,"column":4},"end":{"line":32,"column":4}},"type":"cond-expr","locations":[{"start":{"line":19,"column":4},"end":{"line":19,"column":42}},{"start":{"line":21,"column":4},"end":{"line":31,"column":10}}],"line":18}},"s":{"0":1,"1":1},"f":{"0":1},"b":{"0":[1,0]},"_coverageSchema":"1a1c01bbd47fc00a2c39e90264f33305004495a9","hash":"84d05d281e423f5ba49221d4b83f2b9942408327"}
,"C:\\Users\\použivatel\\skola\\essproject\\react-portfolio\\src\\components\\About\\AboutMe.js": {"path":"C:\\Users\\použivatel\\skola\\essproject\\react-portfolio\\src\\components\\About\\AboutMe.js","statementMap":{"0":{"start":{"line":4,"column":1},"end":{"line":39,"column":3}}},"fnMap":{"0":{"name":"AboutMe","decl":{"start":{"line":3,"column":9},"end":{"line":3,"column":16}},"loc":{"start":{"line":3,"column":19},"end":{"line":40,"column":1}},"line":3}},"branchMap":{},"s":{"0":4},"f":{"0":4},"b":{},"_coverageSchema":"1a1c01bbd47fc00a2c39e90264f33305004495a9","hash":"d7077ff89adea024dc42ab002c4cb2471e1c5ee7"}
,"C:\\Users\\použivatel\\skola\\essproject\\react-portfolio\\src\\components\\Contact\\contact.js": {"path":"C:\\Users\\použivatel\\skola\\essproject\\react-portfolio\\src\\components\\Contact\\contact.js","statementMap":{"0":{"start":{"line":3,"column":16},"end":{"line":58,"column":1}},"1":{"start":{"line":4,"column":4},"end":{"line":57,"column":6}}},"fnMap":{"0":{"name":"(anonymous_0)","decl":{"start":{"line":3,"column":16},"end":{"line":3,"column":17}},"loc":{"start":{"line":3,"column":22},"end":{"line":58,"column":1}},"line":3}},"branchMap":{},"s":{"0":2,"1":1},"f":{"0":1},"b":{},"_coverageSchema":"1a1c01bbd47fc00a2c39e90264f33305004495a9","hash":"639a838189820e67a51f77a54ae20277b452cf34"}
,"C:\\Users\\použivatel\\skola\\essproject\\react-portfolio\\src\\components\\Footer\\footer.js": {"path":"C:\\Users\\použivatel\\skola\\essproject\\react-portfolio\\src\\components\\Footer\\footer.js","statementMap":{"0":{"start":{"line":3,"column":1},"end":{"line":86,"column":3}}},"fnMap":{"0":{"name":"Footer","decl":{"start":{"line":2,"column":9},"end":{"line":2,"column":15}},"loc":{"start":{"line":2,"column":18},"end":{"line":87,"column":1}},"line":2}},"branchMap":{},"s":{"0":2},"f":{"0":2},"b":{},"_coverageSchema":"1a1c01bbd47fc00a2c39e90264f33305004495a9","hash":"1ff2d90435cc9d54aea5b50eaeb8e9c2faaf5f29"}
,"C:\\Users\\použivatel\\skola\\essproject\\react-portfolio\\src\\components\\Home\\Home.js": {"path":"C:\\Users\\použivatel\\skola\\essproject\\react-portfolio\\src\\components\\Home\\Home.js","statementMap":{"0":{"start":{"line":4,"column":13},"end":{"line":35,"column":1}},"1":{"start":{"line":5,"column":2},"end":{"line":34,"column":4}}},"fnMap":{"0":{"name":"(anonymous_0)","decl":{"start":{"line":4,"column":13},"end":{"line":4,"column":14}},"loc":{"start":{"line":4,"column":19},"end":{"line":35,"column":1}},"line":4}},"branchMap":{},"s":{"0":2,"1":2},"f":{"0":2},"b":{},"_coverageSchema":"1a1c01bbd47fc00a2c39e90264f33305004495a9","hash":"fa98563807c46a32864a84dc04ad61ce4aa31038"}
,"C:\\Users\\použivatel\\skola\\essproject\\react-portfolio\\src\\components\\Loader\\Loader.js": {"path":"C:\\Users\\použivatel\\skola\\essproject\\react-portfolio\\src\\components\\Loader\\Loader.js","statementMap":{"0":{"start":{"line":4,"column":26},"end":{"line":4,"column":31}},"1":{"start":{"line":5,"column":1},"end":{"line":7,"column":10}},"2":{"start":{"line":6,"column":2},"end":{"line":6,"column":22}},"3":{"start":{"line":8,"column":1},"end":{"line":17,"column":3}}},"fnMap":{"0":{"name":"Loader","decl":{"start":{"line":3,"column":9},"end":{"line":3,"column":15}},"loc":{"start":{"line":3,"column":23},"end":{"line":18,"column":1}},"line":3},"1":{"name":"(anonymous_1)","decl":{"start":{"line":5,"column":12},"end":{"line":5,"column":13}},"loc":{"start":{"line":5,"column":18},"end":{"line":7,"column":2}},"line":5}},"branchMap":{},"s":{"0":2,"1":2,"2":0,"3":2},"f":{"0":2,"1":0},"b":{},"_coverageSchema":"1a1c01bbd47fc00a2c39e90264f33305004495a9","hash":"9c393ea36473d5bca019f68e85f95116a73aeea3"}
,"C:\\Users\\použivatel\\skola\\essproject\\react-portfolio\\src\\components\\Navbar\\navbarLg.js": {"path":"C:\\Users\\použivatel\\skola\\essproject\\react-portfolio\\src\\components\\Navbar\\navbarLg.js","statementMap":{"0":{"start":{"line":3,"column":1},"end":{"line":46,"column":3}}},"fnMap":{"0":{"name":"NavbarLg","decl":{"start":{"line":2,"column":9},"end":{"line":2,"column":17}},"loc":{"start":{"line":2,"column":20},"end":{"line":47,"column":1}},"line":2}},"branchMap":{},"s":{"0":1},"f":{"0":1},"b":{},"_coverageSchema":"1a1c01bbd47fc00a2c39e90264f33305004495a9","hash":"dd956bf74c07e2dfa93a77432f73fe165f3f99f8"}
,"C:\\Users\\použivatel\\skola\\essproject\\react-portfolio\\src\\components\\Navbar\\navbarSm.js": {"path":"C:\\Users\\použivatel\\skola\\essproject\\react-portfolio\\src\\components\\Navbar\\navbarSm.js","statementMap":{"0":{"start":{"line":4,"column":2},"end":{"line":55,"column":4}}},"fnMap":{"0":{"name":"NavbarSm","decl":{"start":{"line":2,"column":9},"end":{"line":2,"column":17}},"loc":{"start":{"line":2,"column":20},"end":{"line":56,"column":1}},"line":2}},"branchMap":{},"s":{"0":2},"f":{"0":2},"b":{},"_coverageSchema":"1a1c01bbd47fc00a2c39e90264f33305004495a9","hash":"b4c5b360e993756db26e2889409bd9aaa7c971d9"}
}
