TN:
SF:src\App.js
FN:14,App
FNF:1
FNH:1
FNDA:1,App
DA:15,1
DA:16,1
LF:2
LH:2
BRDA:18,0,0,1
BRDA:18,0,1,0
BRF:2
BRH:1
end_of_record
TN:
SF:src\components\About\AboutMe.js
FN:3,AboutMe
FNF:1
FNH:1
FNDA:4,AboutMe
DA:4,4
LF:1
LH:1
BRF:0
BRH:0
end_of_record
TN:
SF:src\components\Contact\contact.js
FN:3,(anonymous_0)
FNF:1
FNH:1
FNDA:1,(anonymous_0)
DA:3,2
DA:4,1
LF:2
LH:2
BRF:0
BRH:0
end_of_record
TN:
SF:src\components\Footer\footer.js
FN:2,Footer
FNF:1
FNH:1
FNDA:2,Footer
DA:3,2
LF:1
LH:1
BRF:0
BRH:0
end_of_record
TN:
SF:src\components\Home\Home.js
FN:4,(anonymous_0)
FNF:1
FNH:1
FNDA:2,(anonymous_0)
DA:4,2
DA:5,2
LF:2
LH:2
BRF:0
BRH:0
end_of_record
TN:
SF:src\components\Loader\Loader.js
FN:3,Loader
FN:5,(anonymous_1)
FNF:2
FNH:1
FNDA:2,Loader
FNDA:0,(anonymous_1)
DA:4,2
DA:5,2
DA:6,0
DA:8,2
LF:4
LH:3
BRF:0
BRH:0
end_of_record
TN:
SF:src\components\Navbar\navbarLg.js
FN:2,NavbarLg
FNF:1
FNH:1
FNDA:1,NavbarLg
DA:3,1
LF:1
LH:1
BRF:0
BRH:0
end_of_record
TN:
SF:src\components\Navbar\navbarSm.js
FN:2,NavbarSm
FNF:1
FNH:1
FNDA:2,NavbarSm
DA:4,2
LF:1
LH:1
BRF:0
BRH:0
end_of_record
